\BOOKMARK [1][-]{section.1}{The\040need\040for\040optimization}{}% 1
\BOOKMARK [2][-]{subsection.1.1}{[note-1]\040A\040baseline\040neural\040network}{section.1}% 2
\BOOKMARK [2][-]{subsection.1.2}{[note-2]\040Predictions\040with\040multiple\040points}{section.1}% 3
\BOOKMARK [2][-]{subsection.1.3}{[note-3]\040Loss\040function}{section.1}% 4
\BOOKMARK [2][-]{subsection.1.4}{[note-4]\040Gradient\040descent}{section.1}% 5
\BOOKMARK [2][-]{subsection.1.5}{[note-5]\040Gradient\040descent\040steps}{section.1}% 6
\BOOKMARK [2][-]{subsection.1.6}{[note-6]\040Optimizing\040a\040model\040with\040a\040single\040weight}{section.1}% 7
\BOOKMARK [2][-]{subsection.1.7}{[quiz-1]\040Calculating\040model\040errors}{section.1}% 8
\BOOKMARK [2][-]{subsection.1.8}{[quiz-2]\040Understanding\040how\040weights\040change\040model\040accuracy}{section.1}% 9
\BOOKMARK [2][-]{subsection.1.9}{[task-1]\040Coding\040how\040weight\040changes\040affect\040the\040accuracy}{section.1}% 10
\BOOKMARK [2][-]{subsection.1.10}{[task-2]\040Scaling\040up\040to\040multiple\040data\040points}{section.1}% 11
\BOOKMARK [1][-]{section.2}{Gradient\040descent}{}% 12
\BOOKMARK [2][-]{subsection.2.1}{[note-1]\040Gradient\040descent}{section.2}% 13
\BOOKMARK [2][-]{subsection.2.2}{[note-2]\040Slope\040calculation\040example}{section.2}% 14
\BOOKMARK [2][-]{subsection.2.3}{[note-3]\040Network\040with\040two\040inputs\040affecting\040prediction}{section.2}% 15
\BOOKMARK [2][-]{subsection.2.4}{[code-1]\040Calculate\040slopes\040and\040update\040weights}{section.2}% 16
\BOOKMARK [2][-]{subsection.2.5}{[task-1]\040Calculating\040slopes}{section.2}% 17
\BOOKMARK [2][-]{subsection.2.6}{[task-2]\040Improving\040model\040weights}{section.2}% 18
\BOOKMARK [2][-]{subsection.2.7}{[task-3]\040Making\040multiple\040updates\040to\040weights}{section.2}% 19
\BOOKMARK [1][-]{section.3}{Backpropagation}{}% 20
\BOOKMARK [2][-]{subsection.3.1}{[note-1]\040Backpropagation}{section.3}% 21
\BOOKMARK [2][-]{subsection.3.2}{[note-2]\040Backpropagation\040process}{section.3}% 22
\BOOKMARK [2][-]{subsection.3.3}{[quiz-1]\040The\040relationship\040between\040the\040forward\040and\040the\040backward\040propagation}{section.3}% 23
\BOOKMARK [2][-]{subsection.3.4}{[quiz-2]\040Thinking\040about\040backward\040propagation}{section.3}% 24
\BOOKMARK [1][-]{section.4}{Backpropagation\040in\040practice}{}% 25
\BOOKMARK [2][-]{subsection.4.1}{[note-1]\040Calculating\040slopes\040associated\040with\040any\040weight}{section.4}% 26
\BOOKMARK [2][-]{subsection.4.2}{[note-2]\040Recapitulation\040of\040backpropagation}{section.4}% 27
\BOOKMARK [2][-]{subsection.4.3}{[note-3]\040Stochastic\040gradient\040descent}{section.4}% 28
\BOOKMARK [2][-]{subsection.4.4}{[quiz-1]\040A\040round\040of\040backpropagation}{section.4}% 29
\BOOKMARK [1][-]{section.5}{Requirements}{}% 30
