\BOOKMARK [1][-]{section.1}{Understanding\040model\040optimization}{}% 1
\BOOKMARK [2][-]{subsection.1.1}{[note-1]\040Why\040optimization\040is\040hard}{section.1}% 2
\BOOKMARK [2][-]{subsection.1.2}{[code-1]\040Stochastic\040gradient\040descent}{section.1}% 3
\BOOKMARK [2][-]{subsection.1.3}{[note-2]\040The\040dying\040neuron\040problem}{section.1}% 4
\BOOKMARK [2][-]{subsection.1.4}{[note-3]\040Vanishing\040gradients}{section.1}% 5
\BOOKMARK [2][-]{subsection.1.5}{[quiz-1]\040Diagnosing\040optimization\040problems}{section.1}% 6
\BOOKMARK [2][-]{subsection.1.6}{[task-1]\040Changing\040optimization\040parameters}{section.1}% 7
\BOOKMARK [1][-]{section.2}{Model\040validation}{}% 8
\BOOKMARK [2][-]{subsection.2.1}{[note-1]\040Validation\040in\040deep\040learning}{section.2}% 9
\BOOKMARK [2][-]{subsection.2.2}{[code-1]\040Model\040validation}{section.2}% 10
\BOOKMARK [2][-]{subsection.2.3}{[code-2]\040Early\040stopping}{section.2}% 11
\BOOKMARK [2][-]{subsection.2.4}{[note-2]\040Experimentation}{section.2}% 12
\BOOKMARK [2][-]{subsection.2.5}{[task-1]\040Evaluating\040model\040accuracy\040on\040a\040validation\040dataset}{section.2}% 13
\BOOKMARK [2][-]{subsection.2.6}{[task-2]\040Early\040stopping:\040optimizing\040the\040optimization}{section.2}% 14
\BOOKMARK [2][-]{subsection.2.7}{[task-3]\040Experimenting\040with\040wider\040networks}{section.2}% 15
\BOOKMARK [2][-]{subsection.2.8}{[task-4]\040Adding\040layers\040to\040a\040network}{section.2}% 16
\BOOKMARK [1][-]{section.3}{Thinking\040about\040model\040capacity}{}% 17
\BOOKMARK [2][-]{subsection.3.1}{[note-1]\040Overfitting}{section.3}% 18
\BOOKMARK [2][-]{subsection.3.2}{[note-2]\040Workflow\040for\040optimizing\040model\040capacity}{section.3}% 19
\BOOKMARK [2][-]{subsection.3.3}{[note-3]\040Sequential\040experiments}{section.3}% 20
\BOOKMARK [2][-]{subsection.3.4}{[quiz-1]\040Experimenting\040with\040model\040structures}{section.3}% 21
\BOOKMARK [1][-]{section.4}{Stepping\040up\040to\040images}{}% 22
\BOOKMARK [2][-]{subsection.4.1}{[note-1]\040Recognizing\040handwritten\040digits}{section.4}% 23
\BOOKMARK [2][-]{subsection.4.2}{[task-1]\040Building\040an\040own\040digit\040recognition\040model}{section.4}% 24
\BOOKMARK [1][-]{section.5}{Final\040thoughts}{}% 25
\BOOKMARK [2][-]{subsection.5.1}{[note-1]\040Next\040steps}{section.5}% 26
\BOOKMARK [1][-]{section.6}{Requirements}{}% 27
