\BOOKMARK [1][-]{section.1}{Creating\040a\040keras\040model}{}% 1
\BOOKMARK [2][-]{subsection.1.1}{[note-1]\040Model\040building\040steps}{section.1}% 2
\BOOKMARK [2][-]{subsection.1.2}{[code-1]\040Model\040specification}{section.1}% 3
\BOOKMARK [2][-]{subsection.1.3}{[quiz-1]\040Understanding\040the\040data}{section.1}% 4
\BOOKMARK [2][-]{subsection.1.4}{[task-1]\040Specifying\040a\040model}{section.1}% 5
\BOOKMARK [1][-]{section.2}{Compiling\040and\040fitting\040a\040model}{}% 6
\BOOKMARK [2][-]{subsection.2.1}{[note-1]\040Why\040need\040to\040compile\040the\040model}{section.2}% 7
\BOOKMARK [2][-]{subsection.2.2}{[code-1]\040Compiling\040a\040model}{section.2}% 8
\BOOKMARK [2][-]{subsection.2.3}{[note-2]\040What\040is\040fitting\040a\040model}{section.2}% 9
\BOOKMARK [2][-]{subsection.2.4}{[code-2]\040Fitting\040a\040model}{section.2}% 10
\BOOKMARK [2][-]{subsection.2.5}{[task-1]\040Compiling\040the\040model}{section.2}% 11
\BOOKMARK [2][-]{subsection.2.6}{[task-2]\040Fitting\040the\040model}{section.2}% 12
\BOOKMARK [1][-]{section.3}{Classification\040models}{}% 13
\BOOKMARK [2][-]{subsection.3.1}{[note-1]\040Classification}{section.3}% 14
\BOOKMARK [2][-]{subsection.3.2}{[note-2]\040Transforming\040to\040categorical}{section.3}% 15
\BOOKMARK [2][-]{subsection.3.3}{[code-1]\040Classification}{section.3}% 16
\BOOKMARK [2][-]{subsection.3.4}{[quiz-1]\040Understanding\040the\040classification\040data}{section.3}% 17
\BOOKMARK [2][-]{subsection.3.5}{[task-1]\040Last\040steps\040in\040classification\040models}{section.3}% 18
\BOOKMARK [1][-]{section.4}{Using\040models}{}% 19
\BOOKMARK [2][-]{subsection.4.1}{[note-1]\040Using\040models}{section.4}% 20
\BOOKMARK [2][-]{subsection.4.2}{[code-1]\040Saving,\040reloading,\040and\040using\040the\040model}{section.4}% 21
\BOOKMARK [2][-]{subsection.4.3}{[code-2]\040Verifying\040model\040structure}{section.4}% 22
\BOOKMARK [2][-]{subsection.4.4}{[task-1]\040Making\040predictions}{section.4}% 23
\BOOKMARK [1][-]{section.5}{Requirements}{}% 24
