\BOOKMARK [1][-]{section.1}{Introduction\040to\040deep\040learning}{}% 1
\BOOKMARK [2][-]{subsection.1.1}{[note-1]\040Example\040as\040seen\040by\040linear\040regression}{section.1}% 2
\BOOKMARK [2][-]{subsection.1.2}{[note-2]\040Interactions}{section.1}% 3
\BOOKMARK [2][-]{subsection.1.3}{[note-3]\040Interactions\040in\040neural\040network}{section.1}% 4
\BOOKMARK [2][-]{subsection.1.4}{[quiz-1]\040Comparing\040neural\040network\040models\040to\040classical\040regression\040models}{section.1}% 5
\BOOKMARK [1][-]{section.2}{Forward\040propagation}{}% 6
\BOOKMARK [2][-]{subsection.2.1}{[note-1]\040Forward\040propagation}{section.2}% 7
\BOOKMARK [2][-]{subsection.2.2}{[code-1]\040Forward\040propagation}{section.2}% 8
\BOOKMARK [2][-]{subsection.2.3}{[task-1]\040Coding\040the\040forward\040propagation\040algorithm}{section.2}% 9
\BOOKMARK [1][-]{section.3}{Activation\040functions}{}% 10
\BOOKMARK [2][-]{subsection.3.1}{[note-1]\040Linear\040vs.\040nonlinear\040functions}{section.3}% 11
\BOOKMARK [2][-]{subsection.3.2}{[note-2]\040Activation\040functions}{section.3}% 12
\BOOKMARK [2][-]{subsection.3.3}{[note-3]\040ReLU\040\(Rectified\040Linear\040Activation\)}{section.3}% 13
\BOOKMARK [2][-]{subsection.3.4}{[code-1]\040Activation\040functions}{section.3}% 14
\BOOKMARK [2][-]{subsection.3.5}{[task-1]\040The\040rectified\040linear\040activation\040function}{section.3}% 15
\BOOKMARK [2][-]{subsection.3.6}{[task-2]\040Applying\040the\040network\040to\040many\040observations/rows\040of\040data}{section.3}% 16
\BOOKMARK [1][-]{section.4}{Deeper\040networks}{}% 17
\BOOKMARK [2][-]{subsection.4.1}{[note-1]\040Multiple\040hidden\040layers}{section.4}% 18
\BOOKMARK [2][-]{subsection.4.2}{[note-2]\040Representation\040learning}{section.4}% 19
\BOOKMARK [2][-]{subsection.4.3}{[note-3]\040Deep\040learning}{section.4}% 20
\BOOKMARK [2][-]{subsection.4.4}{[quiz-1]\040Forward\040propagation\040in\040a\040deeper\040network}{section.4}% 21
\BOOKMARK [2][-]{subsection.4.5}{[task-1]\040Multi-layer\040neural\040networks}{section.4}% 22
\BOOKMARK [2][-]{subsection.4.6}{[quiz-2]\040Representations\040are\040learned}{section.4}% 23
\BOOKMARK [2][-]{subsection.4.7}{[quiz-3]\040Levels\040of\040representation}{section.4}% 24
\BOOKMARK [1][-]{section.5}{Requirements}{}% 25
